  exam_1330.cpp
C:\Users\junhy\Desktop\Beak_Joon\Beak_joon\conditional statement\exam_1330.cpp(5,2): error C4996: 'scanf': This function or variable may be unsafe. Consider using scanf_s instead. To disable deprecation, use _CRT_SECURE_NO_WARNINGS. See online help for details.
  exam_14681.cpp
C:\Users\junhy\Desktop\Beak_Joon\Beak_joon\conditional statement\exam_14681.cpp(11,2): error C4996: 'scanf': This function or variable may be unsafe. Consider using scanf_s instead. To disable deprecation, use _CRT_SECURE_NO_WARNINGS. See online help for details.
  exam_2480.cpp
C:\Users\junhy\Desktop\Beak_Joon\Beak_joon\conditional statement\exam_2480.cpp(14,2): error C4996: 'scanf': This function or variable may be unsafe. Consider using scanf_s instead. To disable deprecation, use _CRT_SECURE_NO_WARNINGS. See online help for details.
  exam_2525.cpp
C:\Users\junhy\Desktop\Beak_Joon\Beak_joon\conditional statement\exam_2525.cpp(5,2): error C4996: 'scanf': This function or variable may be unsafe. Consider using scanf_s instead. To disable deprecation, use _CRT_SECURE_NO_WARNINGS. See online help for details.
  exam_2753.cpp
C:\Users\junhy\Desktop\Beak_Joon\Beak_joon\conditional statement\exam_2753.cpp(7,2): error C4996: 'scanf': This function or variable may be unsafe. Consider using scanf_s instead. To disable deprecation, use _CRT_SECURE_NO_WARNINGS. See online help for details.
  exam_2884.cpp
C:\Users\junhy\Desktop\Beak_Joon\Beak_joon\conditional statement\exam_2884.cpp(6,2): error C4996: 'scanf': This function or variable may be unsafe. Consider using scanf_s instead. To disable deprecation, use _CRT_SECURE_NO_WARNINGS. See online help for details.
  exam_9498.cpp
C:\Users\junhy\Desktop\Beak_Joon\Beak_joon\conditional statement\exam_9498.cpp(5,2): error C4996: 'scanf': This function or variable may be unsafe. Consider using scanf_s instead. To disable deprecation, use _CRT_SECURE_NO_WARNINGS. See online help for details.
  exam_1008.cpp
C:\Users\junhy\Desktop\Beak_Joon\Beak_joon\Input_Output and four arithmetic operations\exam_1008.cpp(6,2): error C4996: 'scanf': This function or variable may be unsafe. Consider using scanf_s instead. To disable deprecation, use _CRT_SECURE_NO_WARNINGS. See online help for details.
  exam_10171.cpp
  exam_10172.cpp
  exam_10430.cpp
C:\Users\junhy\Desktop\Beak_Joon\Beak_joon\Input_Output and four arithmetic operations\exam_10430.cpp(6,2): error C4996: 'scanf': This function or variable may be unsafe. Consider using scanf_s instead. To disable deprecation, use _CRT_SECURE_NO_WARNINGS. See online help for details.
  exam_10869.cpp
C:\Users\junhy\Desktop\Beak_Joon\Beak_joon\Input_Output and four arithmetic operations\exam_10869.cpp(6,2): error C4996: 'scanf': This function or variable may be unsafe. Consider using scanf_s instead. To disable deprecation, use _CRT_SECURE_NO_WARNINGS. See online help for details.
  exam_10926.cpp
C:\Users\junhy\Desktop\Beak_Joon\Beak_joon\Input_Output and four arithmetic operations\exam_10926.cpp(6,2): error C4996: 'scanf': This function or variable may be unsafe. Consider using scanf_s instead. To disable deprecation, use _CRT_SECURE_NO_WARNINGS. See online help for details.
  exam_10998.cpp
C:\Users\junhy\Desktop\Beak_Joon\Beak_joon\Input_Output and four arithmetic operations\exam_10998.cpp(6,2): error C4996: 'scanf': This function or variable may be unsafe. Consider using scanf_s instead. To disable deprecation, use _CRT_SECURE_NO_WARNINGS. See online help for details.
  exam_11382.cpp
C:\Users\junhy\Desktop\Beak_Joon\Beak_joon\Input_Output and four arithmetic operations\exam_11382.cpp(9,2): error C4996: 'scanf': This function or variable may be unsafe. Consider using scanf_s instead. To disable deprecation, use _CRT_SECURE_NO_WARNINGS. See online help for details.
  exam_18108.cpp
C:\Users\junhy\Desktop\Beak_Joon\Beak_joon\Input_Output and four arithmetic operations\exam_18108.cpp(5,2): error C4996: 'scanf': This function or variable may be unsafe. Consider using scanf_s instead. To disable deprecation, use _CRT_SECURE_NO_WARNINGS. See online help for details.
  exam_2588.cpp
C:\Users\junhy\Desktop\Beak_Joon\Beak_joon\Input_Output and four arithmetic operations\exam_2588.cpp(6,2): error C4996: 'scanf': This function or variable may be unsafe. Consider using scanf_s instead. To disable deprecation, use _CRT_SECURE_NO_WARNINGS. See online help for details.
  exam_10950.cpp
C:\Users\junhy\Desktop\Beak_Joon\Beak_joon\loop\exam_10950.cpp(9,10): error C2131: 식이 상수로 계산되지 않았습니다.
C:\Users\junhy\Desktop\Beak_Joon\Beak_joon\loop\exam_10950.cpp(9,10): message : 수명을 벗어난 변수 읽기로 인해 오류가 발생했습니다.
C:\Users\junhy\Desktop\Beak_Joon\Beak_joon\loop\exam_10950.cpp(9,10): message : 't' 사용량 참조
C:\Users\junhy\Desktop\Beak_Joon\Beak_joon\loop\exam_10950.cpp(13,10): error C3863: 배열 형식 'int [t]'은(는) 할당할 수 없습니다.
C:\Users\junhy\Desktop\Beak_Joon\Beak_joon\loop\exam_10950.cpp(17,10): warning C4477: 'printf' : 서식 문자열 '%d'에 'int' 형식의 인수가 필요하지만 variadic 인수 1의 형식이 'int [t]'입니다.
C:\Users\junhy\Desktop\Beak_Joon\Beak_joon\loop\exam_10950.cpp(17,10): warning C4313: 'printf': 서식 문자열의 '%d'이(가) int [t]' 형식의 인수 1과(와) 충돌합니다.
C:\Users\junhy\Desktop\Beak_Joon\Beak_joon\loop\exam_10950.cpp(8,2): error C4996: 'scanf': This function or variable may be unsafe. Consider using scanf_s instead. To disable deprecation, use _CRT_SECURE_NO_WARNINGS. See online help for details.
C:\Users\junhy\Desktop\Beak_Joon\Beak_joon\loop\exam_10950.cpp(12,3): error C4996: 'scanf': This function or variable may be unsafe. Consider using scanf_s instead. To disable deprecation, use _CRT_SECURE_NO_WARNINGS. See online help for details.
  exam_10951.cpp
C:\Users\junhy\Desktop\Beak_Joon\Beak_joon\loop\exam_10951.cpp(4,11): error C4996: 'scanf': This function or variable may be unsafe. Consider using scanf_s instead. To disable deprecation, use _CRT_SECURE_NO_WARNINGS. See online help for details.
  exam_10952.cpp
C:\Users\junhy\Desktop\Beak_Joon\Beak_joon\loop\exam_10952.cpp(7,3): error C4996: 'scanf': This function or variable may be unsafe. Consider using scanf_s instead. To disable deprecation, use _CRT_SECURE_NO_WARNINGS. See online help for details.
  코드를 생성하고 있습니다...
  컴파일하고 있습니다...
  exam_11021.cpp
C:\Users\junhy\Desktop\Beak_Joon\Beak_joon\loop\exam_11021.cpp(9,10): error C2131: 식이 상수로 계산되지 않았습니다.
C:\Users\junhy\Desktop\Beak_Joon\Beak_joon\loop\exam_11021.cpp(9,10): message : 수명을 벗어난 변수 읽기로 인해 오류가 발생했습니다.
C:\Users\junhy\Desktop\Beak_Joon\Beak_joon\loop\exam_11021.cpp(9,10): message : 't' 사용량 참조
C:\Users\junhy\Desktop\Beak_Joon\Beak_joon\loop\exam_11021.cpp(13,10): error C3863: 배열 형식 'int [t]'은(는) 할당할 수 없습니다.
C:\Users\junhy\Desktop\Beak_Joon\Beak_joon\loop\exam_11021.cpp(19,11): warning C4477: 'printf' : 서식 문자열 '%d'에 'int' 형식의 인수가 필요하지만 variadic 인수 2의 형식이 'int [t]'입니다.
C:\Users\junhy\Desktop\Beak_Joon\Beak_joon\loop\exam_11021.cpp(19,11): warning C4313: 'printf': 서식 문자열의 '%d'이(가) int [t]' 형식의 인수 2과(와) 충돌합니다.
C:\Users\junhy\Desktop\Beak_Joon\Beak_joon\loop\exam_11021.cpp(21,11): warning C4477: 'printf' : 서식 문자열 '%d'에 'int' 형식의 인수가 필요하지만 variadic 인수 2의 형식이 'int [t]'입니다.
C:\Users\junhy\Desktop\Beak_Joon\Beak_joon\loop\exam_11021.cpp(21,11): warning C4313: 'printf': 서식 문자열의 '%d'이(가) int [t]' 형식의 인수 2과(와) 충돌합니다.
C:\Users\junhy\Desktop\Beak_Joon\Beak_joon\loop\exam_11021.cpp(8,2): error C4996: 'scanf': This function or variable may be unsafe. Consider using scanf_s instead. To disable deprecation, use _CRT_SECURE_NO_WARNINGS. See online help for details.
C:\Users\junhy\Desktop\Beak_Joon\Beak_joon\loop\exam_11021.cpp(12,3): error C4996: 'scanf': This function or variable may be unsafe. Consider using scanf_s instead. To disable deprecation, use _CRT_SECURE_NO_WARNINGS. See online help for details.
  exam_11022.cpp
C:\Users\junhy\Desktop\Beak_Joon\Beak_joon\loop\exam_11022.cpp(10,10): error C2131: 식이 상수로 계산되지 않았습니다.
C:\Users\junhy\Desktop\Beak_Joon\Beak_joon\loop\exam_11022.cpp(10,10): message : 수명을 벗어난 변수 읽기로 인해 오류가 발생했습니다.
C:\Users\junhy\Desktop\Beak_Joon\Beak_joon\loop\exam_11022.cpp(10,10): message : 't' 사용량 참조
C:\Users\junhy\Desktop\Beak_Joon\Beak_joon\loop\exam_11022.cpp(14,10): error C3863: 배열 형식 'int [t]'은(는) 할당할 수 없습니다.
C:\Users\junhy\Desktop\Beak_Joon\Beak_joon\loop\exam_11022.cpp(18,10): warning C4476: 'printf' : 서식 지정자에 알 수 없는 형식 필드 문자 '='이(가) 있습니다.
C:\Users\junhy\Desktop\Beak_Joon\Beak_joon\loop\exam_11022.cpp(18,10): warning C4477: 'printf' : 서식 문자열 '%d'에 'int' 형식의 인수가 필요하지만 variadic 인수 4의 형식이 'int [t]'입니다.
C:\Users\junhy\Desktop\Beak_Joon\Beak_joon\loop\exam_11022.cpp(18,10): warning C4313: 'printf': 서식 문자열의 '%d'이(가) int [t]' 형식의 인수 4과(와) 충돌합니다.
C:\Users\junhy\Desktop\Beak_Joon\Beak_joon\loop\exam_11022.cpp(9,2): error C4996: 'scanf': This function or variable may be unsafe. Consider using scanf_s instead. To disable deprecation, use _CRT_SECURE_NO_WARNINGS. See online help for details.
C:\Users\junhy\Desktop\Beak_Joon\Beak_joon\loop\exam_11022.cpp(13,3): error C4996: 'scanf': This function or variable may be unsafe. Consider using scanf_s instead. To disable deprecation, use _CRT_SECURE_NO_WARNINGS. See online help for details.
  exam_15552.cpp
C:\Users\junhy\Desktop\Beak_Joon\Beak_joon\loop\exam_15552.cpp(5,2): error C4996: 'scanf': This function or variable may be unsafe. Consider using scanf_s instead. To disable deprecation, use _CRT_SECURE_NO_WARNINGS. See online help for details.
C:\Users\junhy\Desktop\Beak_Joon\Beak_joon\loop\exam_15552.cpp(7,3): error C4996: 'scanf': This function or variable may be unsafe. Consider using scanf_s instead. To disable deprecation, use _CRT_SECURE_NO_WARNINGS. See online help for details.
  exam_2438.cpp
C:\Users\junhy\Desktop\Beak_Joon\Beak_joon\loop\exam_2438.cpp(5,2): error C4996: 'scanf': This function or variable may be unsafe. Consider using scanf_s instead. To disable deprecation, use _CRT_SECURE_NO_WARNINGS. See online help for details.
  exam_2439.cpp
C:\Users\junhy\Desktop\Beak_Joon\Beak_joon\loop\exam_2439.cpp(5,2): error C4996: 'scanf': This function or variable may be unsafe. Consider using scanf_s instead. To disable deprecation, use _CRT_SECURE_NO_WARNINGS. See online help for details.
  exam_25304.cpp
C:\Users\junhy\Desktop\Beak_Joon\Beak_joon\loop\exam_25304.cpp(8,2): error C4996: 'scanf': This function or variable may be unsafe. Consider using scanf_s instead. To disable deprecation, use _CRT_SECURE_NO_WARNINGS. See online help for details.
C:\Users\junhy\Desktop\Beak_Joon\Beak_joon\loop\exam_25304.cpp(9,2): error C4996: 'scanf': This function or variable may be unsafe. Consider using scanf_s instead. To disable deprecation, use _CRT_SECURE_NO_WARNINGS. See online help for details.
C:\Users\junhy\Desktop\Beak_Joon\Beak_joon\loop\exam_25304.cpp(12,3): error C4996: 'scanf': This function or variable may be unsafe. Consider using scanf_s instead. To disable deprecation, use _CRT_SECURE_NO_WARNINGS. See online help for details.
  exam_25314.cpp
C:\Users\junhy\Desktop\Beak_Joon\Beak_joon\loop\exam_25314.cpp(5,2): error C4996: 'scanf': This function or variable may be unsafe. Consider using scanf_s instead. To disable deprecation, use _CRT_SECURE_NO_WARNINGS. See online help for details.
  exam_2739.cpp
C:\Users\junhy\Desktop\Beak_Joon\Beak_joon\loop\exam_2739.cpp(5,2): error C4996: 'scanf': This function or variable may be unsafe. Consider using scanf_s instead. To disable deprecation, use _CRT_SECURE_NO_WARNINGS. See online help for details.
  exam_8993.cpp
C:\Users\junhy\Desktop\Beak_Joon\Beak_joon\loop\exam_8993.cpp(6,2): error C4996: 'scanf': This function or variable may be unsafe. Consider using scanf_s instead. To disable deprecation, use _CRT_SECURE_NO_WARNINGS. See online help for details.
  exam_10804.cpp
C:\Users\junhy\Desktop\Beak_Joon\Beak_joon\one-dimensional array\exam_10804.cpp(9,2): error C4996: 'scanf': This function or variable may be unsafe. Consider using scanf_s instead. To disable deprecation, use _CRT_SECURE_NO_WARNINGS. See online help for details.
C:\Users\junhy\Desktop\Beak_Joon\Beak_joon\one-dimensional array\exam_10804.cpp(11,3): error C4996: 'scanf': This function or variable may be unsafe. Consider using scanf_s instead. To disable deprecation, use _CRT_SECURE_NO_WARNINGS. See online help for details.
C:\Users\junhy\Desktop\Beak_Joon\Beak_joon\one-dimensional array\exam_10804.cpp(14,2): error C4996: 'scanf': This function or variable may be unsafe. Consider using scanf_s instead. To disable deprecation, use _CRT_SECURE_NO_WARNINGS. See online help for details.
  exam_10818.cpp
C:\Users\junhy\Desktop\Beak_Joon\Beak_joon\one-dimensional array\exam_10818.cpp(12,12): error C2131: 식이 상수로 계산되지 않았습니다.
C:\Users\junhy\Desktop\Beak_Joon\Beak_joon\one-dimensional array\exam_10818.cpp(12,12): message : 수명을 벗어난 변수 읽기로 인해 오류가 발생했습니다.
C:\Users\junhy\Desktop\Beak_Joon\Beak_joon\one-dimensional array\exam_10818.cpp(12,12): message : 'snum' 사용량 참조
C:\Users\junhy\Desktop\Beak_Joon\Beak_joon\one-dimensional array\exam_10818.cpp(19,9): warning C4477: 'printf' : 서식 문자열 '%ld'에 'long' 형식의 인수가 필요하지만 variadic 인수 1의 형식이 '__int64'입니다.
C:\Users\junhy\Desktop\Beak_Joon\Beak_joon\one-dimensional array\exam_10818.cpp(19,9): message : 서식 문자열에서 '%lld'을(를) 사용하는 것이 좋습니다.
C:\Users\junhy\Desktop\Beak_Joon\Beak_joon\one-dimensional array\exam_10818.cpp(19,9): message : 서식 문자열에서 '%Id'을(를) 사용하는 것이 좋습니다.
C:\Users\junhy\Desktop\Beak_Joon\Beak_joon\one-dimensional array\exam_10818.cpp(19,9): message : 서식 문자열에서 '%I64d'을(를) 사용하는 것이 좋습니다.
C:\Users\junhy\Desktop\Beak_Joon\Beak_joon\one-dimensional array\exam_10818.cpp(11,2): error C4996: 'scanf': This function or variable may be unsafe. Consider using scanf_s instead. To disable deprecation, use _CRT_SECURE_NO_WARNINGS. See online help for details.
C:\Users\junhy\Desktop\Beak_Joon\Beak_joon\one-dimensional array\exam_10818.cpp(15,3): error C4996: 'scanf': This function or variable may be unsafe. Consider using scanf_s instead. To disable deprecation, use _CRT_SECURE_NO_WARNINGS. See online help for details.
  exam_10871.cpp
C:\Users\junhy\Desktop\Beak_Joon\Beak_joon\one-dimensional array\exam_10871.cpp(9,2): error C4996: 'scanf': This function or variable may be unsafe. Consider using scanf_s instead. To disable deprecation, use _CRT_SECURE_NO_WARNINGS. See online help for details.
C:\Users\junhy\Desktop\Beak_Joon\Beak_joon\one-dimensional array\exam_10871.cpp(12,3): error C4996: 'scanf': This function or variable may be unsafe. Consider using scanf_s instead. To disable deprecation, use _CRT_SECURE_NO_WARNINGS. See online help for details.
C:\Users\junhy\Desktop\Beak_Joon\Beak_joon\one-dimensional array\exam_10871.cpp(7,6): warning C4101: 'c_arr' :참조되지 않은 지역 변수입니다.
  exam_2562.cpp
C:\Users\junhy\Desktop\Beak_Joon\Beak_joon\one-dimensional array\exam_2562.cpp(12,3): error C4996: 'scanf': This function or variable may be unsafe. Consider using scanf_s instead. To disable deprecation, use _CRT_SECURE_NO_WARNINGS. See online help for details.
C:\Users\junhy\Desktop\Beak_Joon\Beak_joon\one-dimensional array\exam_2562.cpp(6,6): warning C4101: 'snum' :참조되지 않은 지역 변수입니다.
  코드를 생성하고 있습니다...
